<?xml version="1.0" encoding="UTF-8"?>
<!-- Generated by org.testng.reporters.JUnitReportReporter -->
<testsuite hostname="WINDOWS-QNEDBQ8" failures="0" tests="2" name="testpkg.Amzlogintest" time="7.877" errors="0" timestamp="2024-06-14T13:55:13 IST" skipped="0">
  <testcase classname="testpkg.Amzlogintest" name="signin" time="3.829"/>
  <testcase classname="testpkg.Amzlogintest" name="login" time="4.048"/>
</testsuite> <!-- testpkg.Amzlogintest -->
